[ 10%] Built target serial_motor_demo_msgs__rosidl_generator_c
[ 12%] Built target serial_motor_demo_msgs__cpp
failed to create symbolic link '/home/eid/ws_gazebo/build/serial_motor_demo_msgs/ament_cmake_python/serial_motor_demo_msgs/serial_motor_demo_msgs' because existing path cannot be removed: Is a directory
gmake[2]: *** [CMakeFiles/ament_cmake_python_symlink_serial_motor_demo_msgs.dir/build.make:70: CMakeFiles/ament_cmake_python_symlink_serial_motor_demo_msgs] Error 1
gmake[1]: *** [CMakeFiles/Makefile2:421: CMakeFiles/ament_cmake_python_symlink_serial_motor_demo_msgs.dir/all] Error 2
gmake[1]: *** Waiting for unfinished jobs....
[35m[1mConsolidate compiler generated dependencies of target serial_motor_demo_msgs__rosidl_typesupport_introspection_c[0m
[35m[1mConsolidate compiler generated dependencies of target serial_motor_demo_msgs__rosidl_typesupport_fastrtps_cpp[0m
[35m[1mConsolidate compiler generated dependencies of target serial_motor_demo_msgs__rosidl_typesupport_c[0m
[35m[1mConsolidate compiler generated dependencies of target serial_motor_demo_msgs__rosidl_typesupport_fastrtps_c[0m
[ 23%] Built target serial_motor_demo_msgs__rosidl_typesupport_introspection_c
[ 34%] Built target serial_motor_demo_msgs__rosidl_typesupport_fastrtps_cpp
[ 44%] Built target serial_motor_demo_msgs__rosidl_typesupport_c
[ 55%] Built target serial_motor_demo_msgs__rosidl_typesupport_fastrtps_c
gmake: *** [Makefile:146: all] Error 2
